<?xml version="1.0" encoding="UTF-8"?>
<!-- Generated by org.testng.reporters.JUnitXMLReporter -->
<testsuite hostname="DESKTOP-9HD1UFT" name="ChromeReport" tests="4" failures="0" timestamp="25 May 2022 03:32:29 GMT" time="16.522" errors="0">
  <testcase name="verifyLogin" time="3.959" classname="may25.CrossBrowserTesting"/>
  <testcase name="verifyLogin" time="3.052" classname="may25.CrossBrowserTesting"/>
  <testcase name="verifyLogin" time="2.8" classname="may25.CrossBrowserTesting"/>
  <testcase name="verifyLogin" time="2.224" classname="may25.CrossBrowserTesting"/>
</testsuite> <!-- ChromeReport -->
