<?xml version="1.0" encoding="UTF-8"?>
<!-- Generated by org.testng.reporters.JUnitXMLReporter -->
<testsuite hostname="DESKTOP-9HD1UFT" name="Default test" tests="4" failures="0" timestamp="25 May 2022 03:20:05 GMT" time="16.72" errors="0">
  <testcase name="verifyLogin" time="3.907" classname="may25.UsingdataProvider"/>
  <testcase name="verifyLogin" time="3.211" classname="may25.UsingdataProvider"/>
  <testcase name="verifyLogin" time="2.714" classname="may25.UsingdataProvider"/>
  <testcase name="verifyLogin" time="2.531" classname="may25.UsingdataProvider"/>
</testsuite> <!-- Default test -->
