<?xml version="1.0" encoding="UTF-8"?>
<testng-results skipped="0" failed="0" total="4" passed="4">
  <reporter-output>
    <line>
      <![CDATA[Login success::dashboard      http://orangehrm.qedgetech.com/symfony/web/index.php/dashboard]]>
    </line>
    <line>
      <![CDATA[Login success::dashboard      http://orangehrm.qedgetech.com/symfony/web/index.php/dashboard]]>
    </line>
    <line>
      <![CDATA[Login success::dashboard      http://orangehrm.qedgetech.com/symfony/web/index.php/dashboard]]>
    </line>
    <line>
      <![CDATA[Login success::dashboard      http://orangehrm.qedgetech.com/symfony/web/index.php/dashboard]]>
    </line>
  </reporter-output>
  <suite name="Default suite" duration-ms="16720" started-at="2022-05-25T03:19:48Z" finished-at="2022-05-25T03:20:05Z">
    <groups>
    </groups>
    <test name="Default test" duration-ms="16720" started-at="2022-05-25T03:19:48Z" finished-at="2022-05-25T03:20:05Z">
      <class name="may25.UsingdataProvider">
        <test-method status="PASS" signature="setUp()[pri:0, instance:may25.UsingdataProvider@28d25987]" name="setUp" is-config="true" duration-ms="2969" started-at="2022-05-25T08:49:48Z" finished-at="2022-05-25T08:49:51Z">
          <reporter-output>
          </reporter-output>
        </test-method> <!-- setUp -->
        <test-method status="PASS" signature="verifyLogin(java.lang.String, java.lang.String)[pri:0, instance:may25.UsingdataProvider@28d25987]" name="verifyLogin" duration-ms="3907" started-at="2022-05-25T08:49:51Z" data-provider="supplyData" finished-at="2022-05-25T08:49:55Z">
          <params>
            <param index="0">
              <value>
                <![CDATA[Admin]]>
              </value>
            </param>
            <param index="1">
              <value>
                <![CDATA[Qedge123!@#]]>
              </value>
            </param>
          </params>
          <reporter-output>
            <line>
              <![CDATA[Login success::dashboard      http://orangehrm.qedgetech.com/symfony/web/index.php/dashboard]]>
            </line>
          </reporter-output>
        </test-method> <!-- verifyLogin -->
        <test-method status="PASS" signature="verifyLogin(java.lang.String, java.lang.String)[pri:0, instance:may25.UsingdataProvider@28d25987]" name="verifyLogin" duration-ms="3211" started-at="2022-05-25T08:49:55Z" data-provider="supplyData" finished-at="2022-05-25T08:49:58Z">
          <params>
            <param index="0">
              <value>
                <![CDATA[Admin]]>
              </value>
            </param>
            <param index="1">
              <value>
                <![CDATA[Qedge123!@#]]>
              </value>
            </param>
          </params>
          <reporter-output>
            <line>
              <![CDATA[Login success::dashboard      http://orangehrm.qedgetech.com/symfony/web/index.php/dashboard]]>
            </line>
          </reporter-output>
        </test-method> <!-- verifyLogin -->
        <test-method status="PASS" signature="verifyLogin(java.lang.String, java.lang.String)[pri:0, instance:may25.UsingdataProvider@28d25987]" name="verifyLogin" duration-ms="2714" started-at="2022-05-25T08:49:58Z" data-provider="supplyData" finished-at="2022-05-25T08:50:01Z">
          <params>
            <param index="0">
              <value>
                <![CDATA[Admin]]>
              </value>
            </param>
            <param index="1">
              <value>
                <![CDATA[Qedge123!@#]]>
              </value>
            </param>
          </params>
          <reporter-output>
            <line>
              <![CDATA[Login success::dashboard      http://orangehrm.qedgetech.com/symfony/web/index.php/dashboard]]>
            </line>
          </reporter-output>
        </test-method> <!-- verifyLogin -->
        <test-method status="PASS" signature="verifyLogin(java.lang.String, java.lang.String)[pri:0, instance:may25.UsingdataProvider@28d25987]" name="verifyLogin" duration-ms="2531" started-at="2022-05-25T08:50:01Z" data-provider="supplyData" finished-at="2022-05-25T08:50:03Z">
          <params>
            <param index="0">
              <value>
                <![CDATA[Admin]]>
              </value>
            </param>
            <param index="1">
              <value>
                <![CDATA[Qedge123!@#]]>
              </value>
            </param>
          </params>
          <reporter-output>
            <line>
              <![CDATA[Login success::dashboard      http://orangehrm.qedgetech.com/symfony/web/index.php/dashboard]]>
            </line>
          </reporter-output>
        </test-method> <!-- verifyLogin -->
        <test-method status="PASS" signature="tearDown()[pri:0, instance:may25.UsingdataProvider@28d25987]" name="tearDown" is-config="true" duration-ms="1328" started-at="2022-05-25T08:50:03Z" finished-at="2022-05-25T08:50:05Z">
          <reporter-output>
          </reporter-output>
        </test-method> <!-- tearDown -->
      </class> <!-- may25.UsingdataProvider -->
    </test> <!-- Default test -->
  </suite> <!-- Default suite -->
</testng-results>
